# JRE version: OpenJDK Runtime Environment GraalVM CE 22.3.0 (17.0.5+8) (build 17.0.5+8-jvmci-22.3-b08)
# Java VM: OpenJDK 64-Bit Server VM GraalVM CE 22.3.0 (17.0.5+8-jvmci-22.3-b08, mixed mode, sharing, tiered, jvmci, jvmci compiler, compressed oops, compressed class ptrs, parallel gc, linux-amd64)
GC Precious Log:
 CPUs: 8 total, 1 available
 Memory: 1024M
 Large Page Support: Disabled
 NUMA Support: Disabled
 Compressed Oops: Enabled (32-bit)
 Alignments: Space 512K, Generation 512K, Heap 2M
 Heap Min Capacity: 100M
 Heap Initial Capacity: 100M
 Heap Max Capacity: 512M
 Pre-touch: Disabled
 Parallel Workers: 1
Heap:
 PSYoungGen      total 36864K, used 27647K [0x00000000f5580000, 0x00000000f8580000, 0x0000000100000000)
  eden space 27648K, 99% used [0x00000000f5580000,0x00000000f707fff0,0x00000000f7080000)
  from space 9216K, 0% used [0x00000000f7a00000,0x00000000f7a00000,0x00000000f8300000)
  to   space 9728K, 0% used [0x00000000f7080000,0x00000000f7080000,0x00000000f7a00000)
 ParOldGen       total 349696K, used 349695K [0x00000000e0000000, 0x00000000f5580000, 0x00000000f5580000)
  object space 349696K, 99% used [0x00000000e0000000,0x00000000f557ff00,0x00000000f5580000)
 Metaspace       used 58468K, committed 59584K, reserved 1105920K
  class space    used 5843K, committed 6272K, reserved 1048576K
GC Heap History (20 events):
Event: 750.781 GC heap before
{Heap before GC invocations=654 (full 523):
 PSYoungGen      total 36864K, used 27648K [0x00000000f5580000, 0x00000000f8580000, 0x0000000100000000)
  eden space 27648K, 100% used [0x00000000f5580000,0x00000000f7080000,0x00000000f7080000)
  from space 9216K, 0% used [0x00000000f7a00000,0x00000000f7a00000,0x00000000f8300000)
  to   space 9728K, 0% used [0x00000000f7080000,0x00000000f7080000,0x00000000f7a00000)
 ParOldGen       total 349696K, used 349689K [0x00000000e0000000, 0x00000000f5580000, 0x00000000f5580000)
  object space 349696K, 99% used [0x00000000e0000000,0x00000000f557e748,0x00000000f5580000)
 Metaspace       used 58468K, committed 59584K, reserved 1105920K
  class space    used 5843K, committed 6272K, reserved 1048576K
}
Event: 752.240 GC heap after
{Heap after GC invocations=654 (full 523):
 PSYoungGen      total 37376K, used 27647K [0x00000000f5580000, 0x00000000f8580000, 0x0000000100000000)
  eden space 27648K, 99% used [0x00000000f5580000,0x00000000f707fec0,0x00000000f7080000)
  from space 9728K, 0% used [0x00000000f7080000,0x00000000f7080000,0x00000000f7a00000)
  to   space 9216K, 0% used [0x00000000f7a00000,0x00000000f7a00000,0x00000000f8300000)
 ParOldGen       total 349696K, used 349689K [0x00000000e0000000, 0x00000000f5580000, 0x00000000f5580000)
  object space 349696K, 99% used [0x00000000e0000000,0x00000000f557e6b8,0x00000000f5580000)
 Metaspace       used 58468K, committed 59584K, reserved 1105920K
  class space    used 5843K, committed 6272K, reserved 1048576K
}
Event: 752.241 GC heap before
{Heap before GC invocations=655 (full 524):
 PSYoungGen      total 37376K, used 27647K [0x00000000f5580000, 0x00000000f8580000, 0x0000000100000000)
  eden space 27648K, 99% used [0x00000000f5580000,0x00000000f707fff8,0x00000000f7080000)
  from space 9728K, 0% used [0x00000000f7080000,0x00000000f7080000,0x00000000f7a00000)
  to   space 9216K, 0% used [0x00000000f7a00000,0x00000000f7a00000,0x00000000f8300000)
 ParOldGen       total 349696K, used 349689K [0x00000000e0000000, 0x00000000f5580000, 0x00000000f5580000)
  object space 349696K, 99% used [0x00000000e0000000,0x00000000f557e6b8,0x00000000f5580000)
 Metaspace       used 58468K, committed 59584K, reserved 1105920K
  class space    used 5843K, committed 6272K, reserved 1048576K
}
Event: 753.532 GC heap after
{Heap after GC invocations=655 (full 524):
 PSYoungGen      total 36864K, used 27647K [0x00000000f5580000, 0x00000000f8580000, 0x0000000100000000)
  eden space 27648K, 99% used [0x00000000f5580000,0x00000000f707fff8,0x00000000f7080000)
  from space 9216K, 0% used [0x00000000f7a00000,0x00000000f7a00000,0x00000000f8300000)
  to   space 9728K, 0% used [0x00000000f7080000,0x00000000f7080000,0x00000000f7a00000)
 ParOldGen       total 349696K, used 349689K [0x00000000e0000000, 0x00000000f5580000, 0x00000000f5580000)
  object space 349696K, 99% used [0x00000000e0000000,0x00000000f557e680,0x00000000f5580000)
 Metaspace       used 58468K, committed 59584K, reserved 1105920K
  class space    used 5843K, committed 6272K, reserved 1048576K
}
Event: 753.532 GC heap before
{Heap before GC invocations=656 (full 525):
 PSYoungGen      total 36864K, used 27647K [0x00000000f5580000, 0x00000000f8580000, 0x0000000100000000)
  eden space 27648K, 99% used [0x00000000f5580000,0x00000000f707fff8,0x00000000f7080000)
  from space 9216K, 0% used [0x00000000f7a00000,0x00000000f7a00000,0x00000000f8300000)
  to   space 9728K, 0% used [0x00000000f7080000,0x00000000f7080000,0x00000000f7a00000)
 ParOldGen       total 349696K, used 349691K [0x00000000e0000000, 0x00000000f5580000, 0x00000000f5580000)
  object space 349696K, 99% used [0x00000000e0000000,0x00000000f557ee38,0x00000000f5580000)
 Metaspace       used 58468K, committed 59584K, reserved 1105920K
  class space    used 5843K, committed 6272K, reserved 1048576K
}
Event: 754.981 GC heap after
{Heap after GC invocations=656 (full 525):
 PSYoungGen      total 37376K, used 27647K [0x00000000f5580000, 0x00000000f8580000, 0x0000000100000000)
  eden space 27648K, 99% used [0x00000000f5580000,0x00000000f707ff60,0x00000000f7080000)
  from space 9728K, 0% used [0x00000000f7080000,0x00000000f7080000,0x00000000f7a00000)
  to   space 9216K, 0% used [0x00000000f7a00000,0x00000000f7a00000,0x00000000f8300000)
 ParOldGen       total 349696K, used 349691K [0x00000000e0000000, 0x00000000f5580000, 0x00000000f5580000)
  object space 349696K, 99% used [0x00000000e0000000,0x00000000f557eda8,0x00000000f5580000)
 Metaspace       used 58468K, committed 59584K, reserved 1105920K
  class space    used 5843K, committed 6272K, reserved 1048576K
}
Event: 754.981 GC heap before
{Heap before GC invocations=657 (full 526):
 PSYoungGen      total 37376K, used 27647K [0x00000000f5580000, 0x00000000f8580000, 0x0000000100000000)
  eden space 27648K, 99% used [0x00000000f5580000,0x00000000f707fff0,0x00000000f7080000)
  from space 9728K, 0% used [0x00000000f7080000,0x00000000f7080000,0x00000000f7a00000)
  to   space 9216K, 0% used [0x00000000f7a00000,0x00000000f7a00000,0x00000000f8300000)
 ParOldGen       total 349696K, used 349691K [0x00000000e0000000, 0x00000000f5580000, 0x00000000f5580000)
  object space 349696K, 99% used [0x00000000e0000000,0x00000000f557eda8,0x00000000f5580000)
 Metaspace       used 58468K, committed 59584K, reserved 1105920K
  class space    used 5843K, committed 6272K, reserved 1048576K
}
Event: 756.248 GC heap after
{Heap after GC invocations=657 (full 526):
 PSYoungGen      total 36864K, used 27647K [0x00000000f5580000, 0x00000000f8580000, 0x0000000100000000)
  eden space 27648K, 99% used [0x00000000f5580000,0x00000000f707ffd8,0x00000000f7080000)
  from space 9216K, 0% used [0x00000000f7a00000,0x00000000f7a00000,0x00000000f8300000)
  to   space 9728K, 0% used [0x00000000f7080000,0x00000000f7080000,0x00000000f7a00000)
 ParOldGen       total 349696K, used 349691K [0x00000000e0000000, 0x00000000f5580000, 0x00000000f5580000)
  object space 349696K, 99% used [0x00000000e0000000,0x00000000f557eda8,0x00000000f5580000)
 Metaspace       used 58468K, committed 59584K, reserved 1105920K
  class space    used 5843K, committed 6272K, reserved 1048576K
}
Event: 756.248 GC heap before
{Heap before GC invocations=658 (full 527):
 PSYoungGen      total 36864K, used 27647K [0x00000000f5580000, 0x00000000f8580000, 0x0000000100000000)
  eden space 27648K, 99% used [0x00000000f5580000,0x00000000f707fff0,0x00000000f7080000)
  from space 9216K, 0% used [0x00000000f7a00000,0x00000000f7a00000,0x00000000f8300000)
  to   space 9728K, 0% used [0x00000000f7080000,0x00000000f7080000,0x00000000f7a00000)
 ParOldGen       total 349696K, used 349693K [0x00000000e0000000, 0x00000000f5580000, 0x00000000f5580000)
  object space 349696K, 99% used [0x00000000e0000000,0x00000000f557f6b0,0x00000000f5580000)
 Metaspace       used 58468K, committed 59584K, reserved 1105920K
  class space    used 5843K, committed 6272K, reserved 1048576K
}
Event: 757.675 GC heap after
{Heap after GC invocations=658 (full 527):
 PSYoungGen      total 37376K, used 27647K [0x00000000f5580000, 0x00000000f8580000, 0x0000000100000000)
  eden space 27648K, 99% used [0x00000000f5580000,0x00000000f707ff60,0x00000000f7080000)
  from space 9728K, 0% used [0x00000000f7080000,0x00000000f7080000,0x00000000f7a00000)
  to   space 9216K, 0% used [0x00000000f7a00000,0x00000000f7a00000,0x00000000f8300000)
 ParOldGen       total 349696K, used 349693K [0x00000000e0000000, 0x00000000f5580000, 0x00000000f5580000)
  object space 349696K, 99% used [0x00000000e0000000,0x00000000f557f518,0x00000000f5580000)
 Metaspace       used 58468K, committed 59584K, reserved 1105920K
  class space    used 5843K, committed 6272K, reserved 1048576K
}
Event: 757.676 GC heap before
{Heap before GC invocations=659 (full 528):
 PSYoungGen      total 37376K, used 27647K [0x00000000f5580000, 0x00000000f8580000, 0x0000000100000000)
  eden space 27648K, 99% used [0x00000000f5580000,0x00000000f707fff0,0x00000000f7080000)
  from space 9728K, 0% used [0x00000000f7080000,0x00000000f7080000,0x00000000f7a00000)
  to   space 9216K, 0% used [0x00000000f7a00000,0x00000000f7a00000,0x00000000f8300000)
 ParOldGen       total 349696K, used 349693K [0x00000000e0000000, 0x00000000f5580000, 0x00000000f5580000)
  object space 349696K, 99% used [0x00000000e0000000,0x00000000f557f518,0x00000000f5580000)
 Metaspace       used 58468K, committed 59584K, reserved 1105920K
  class space    used 5843K, committed 6272K, reserved 1048576K
}
Event: 759.021 GC heap after
{Heap after GC invocations=659 (full 528):
 PSYoungGen      total 36864K, used 27647K [0x00000000f5580000, 0x00000000f8580000, 0x0000000100000000)
  eden space 27648K, 99% used [0x00000000f5580000,0x00000000f707fff0,0x00000000f7080000)
  from space 9216K, 0% used [0x00000000f7a00000,0x00000000f7a00000,0x00000000f8300000)
  to   space 9728K, 0% used [0x00000000f7080000,0x00000000f7080000,0x00000000f7a00000)
 ParOldGen       total 349696K, used 349693K [0x00000000e0000000, 0x00000000f5580000, 0x00000000f5580000)
  object space 349696K, 99% used [0x00000000e0000000,0x00000000f557f518,0x00000000f5580000)
 Metaspace       used 58468K, committed 59584K, reserved 1105920K
  class space    used 5843K, committed 6272K, reserved 1048576K
}
Event: 759.024 GC heap before
{Heap before GC invocations=660 (full 529):
 PSYoungGen      total 36864K, used 27647K [0x00000000f5580000, 0x00000000f8580000, 0x0000000100000000)
  eden space 27648K, 99% used [0x00000000f5580000,0x00000000f707fff0,0x00000000f7080000)
  from space 9216K, 0% used [0x00000000f7a00000,0x00000000f7a00000,0x00000000f8300000)
  to   space 9728K, 0% used [0x00000000f7080000,0x00000000f7080000,0x00000000f7a00000)
 ParOldGen       total 349696K, used 349695K [0x00000000e0000000, 0x00000000f5580000, 0x00000000f5580000)
  object space 349696K, 99% used [0x00000000e0000000,0x00000000f557fdb0,0x00000000f5580000)
 Metaspace       used 58468K, committed 59584K, reserved 1105920K
  class space    used 5843K, committed 6272K, reserved 1048576K
}
Event: 760.473 GC heap after
{Heap after GC invocations=660 (full 529):
 PSYoungGen      total 37376K, used 27647K [0x00000000f5580000, 0x00000000f8580000, 0x0000000100000000)
  eden space 27648K, 99% used [0x00000000f5580000,0x00000000f707ff90,0x00000000f7080000)
  from space 9728K, 0% used [0x00000000f7080000,0x00000000f7080000,0x00000000f7a00000)
  to   space 9216K, 0% used [0x00000000f7a00000,0x00000000f7a00000,0x00000000f8300000)
 ParOldGen       total 349696K, used 349695K [0x00000000e0000000, 0x00000000f5580000, 0x00000000f5580000)
  object space 349696K, 99% used [0x00000000e0000000,0x00000000f557fc18,0x00000000f5580000)
 Metaspace       used 58468K, committed 59584K, reserved 1105920K
  class space    used 5843K, committed 6272K, reserved 1048576K
}
Event: 760.474 GC heap before
{Heap before GC invocations=661 (full 530):
 PSYoungGen      total 37376K, used 27647K [0x00000000f5580000, 0x00000000f8580000, 0x0000000100000000)
  eden space 27648K, 99% used [0x00000000f5580000,0x00000000f707fff0,0x00000000f7080000)
  from space 9728K, 0% used [0x00000000f7080000,0x00000000f7080000,0x00000000f7a00000)
  to   space 9216K, 0% used [0x00000000f7a00000,0x00000000f7a00000,0x00000000f8300000)
 ParOldGen       total 349696K, used 349695K [0x00000000e0000000, 0x00000000f5580000, 0x00000000f5580000)
  object space 349696K, 99% used [0x00000000e0000000,0x00000000f557fc18,0x00000000f5580000)
 Metaspace       used 58468K, committed 59584K, reserved 1105920K
  class space    used 5843K, committed 6272K, reserved 1048576K
}
Event: 761.806 GC heap after
{Heap after GC invocations=661 (full 530):
 PSYoungGen      total 36864K, used 27647K [0x00000000f5580000, 0x00000000f8580000, 0x0000000100000000)
  eden space 27648K, 99% used [0x00000000f5580000,0x00000000f707fff0,0x00000000f7080000)
  from space 9216K, 0% used [0x00000000f7a00000,0x00000000f7a00000,0x00000000f8300000)
  to   space 9728K, 0% used [0x00000000f7080000,0x00000000f7080000,0x00000000f7a00000)
 ParOldGen       total 349696K, used 349695K [0x00000000e0000000, 0x00000000f5580000, 0x00000000f5580000)
  object space 349696K, 99% used [0x00000000e0000000,0x00000000f557fc00,0x00000000f5580000)
 Metaspace       used 58468K, committed 59584K, reserved 1105920K
  class space    used 5843K, committed 6272K, reserved 1048576K
}
Event: 761.806 GC heap before
{Heap before GC invocations=662 (full 531):
 PSYoungGen      total 36864K, used 27648K [0x00000000f5580000, 0x00000000f8580000, 0x0000000100000000)
  eden space 27648K, 100% used [0x00000000f5580000,0x00000000f7080000,0x00000000f7080000)
  from space 9216K, 0% used [0x00000000f7a00000,0x00000000f7a00000,0x00000000f8300000)
  to   space 9728K, 0% used [0x00000000f7080000,0x00000000f7080000,0x00000000f7a00000)
 ParOldGen       total 349696K, used 349695K [0x00000000e0000000, 0x00000000f5580000, 0x00000000f5580000)
  object space 349696K, 99% used [0x00000000e0000000,0x00000000f557ffc8,0x00000000f5580000)
 Metaspace       used 58468K, committed 59584K, reserved 1105920K
  class space    used 5843K, committed 6272K, reserved 1048576K
}
Event: 763.144 GC heap after
{Heap after GC invocations=662 (full 531):
 PSYoungGen      total 37376K, used 27647K [0x00000000f5580000, 0x00000000f8580000, 0x0000000100000000)
  eden space 27648K, 99% used [0x00000000f5580000,0x00000000f707fff0,0x00000000f7080000)
  from space 9728K, 0% used [0x00000000f7080000,0x00000000f7080000,0x00000000f7a00000)
  to   space 9216K, 0% used [0x00000000f7a00000,0x00000000f7a00000,0x00000000f8300000)
 ParOldGen       total 349696K, used 349695K [0x00000000e0000000, 0x00000000f5580000, 0x00000000f5580000)
  object space 349696K, 99% used [0x00000000e0000000,0x00000000f557fc78,0x00000000f5580000)
 Metaspace       used 58468K, committed 59584K, reserved 1105920K
  class space    used 5843K, committed 6272K, reserved 1048576K
}
Event: 763.144 GC heap before
{Heap before GC invocations=663 (full 532):
 PSYoungGen      total 37376K, used 27647K [0x00000000f5580000, 0x00000000f8580000, 0x0000000100000000)
  eden space 27648K, 99% used [0x00000000f5580000,0x00000000f707fff0,0x00000000f7080000)
  from space 9728K, 0% used [0x00000000f7080000,0x00000000f7080000,0x00000000f7a00000)
  to   space 9216K, 0% used [0x00000000f7a00000,0x00000000f7a00000,0x00000000f8300000)
 ParOldGen       total 349696K, used 349695K [0x00000000e0000000, 0x00000000f5580000, 0x00000000f5580000)
  object space 349696K, 99% used [0x00000000e0000000,0x00000000f557fc78,0x00000000f5580000)
 Metaspace       used 58468K, committed 59584K, reserved 1105920K
  class space    used 5843K, committed 6272K, reserved 1048576K
}
Event: 764.575 GC heap after
{Heap after GC invocations=663 (full 532):
 PSYoungGen      total 36864K, used 27647K [0x00000000f5580000, 0x00000000f8580000, 0x0000000100000000)
  eden space 27648K, 99% used [0x00000000f5580000,0x00000000f707fff0,0x00000000f7080000)
  from space 9216K, 0% used [0x00000000f7a00000,0x00000000f7a00000,0x00000000f8300000)
  to   space 9728K, 0% used [0x00000000f7080000,0x00000000f7080000,0x00000000f7a00000)
 ParOldGen       total 349696K, used 349695K [0x00000000e0000000, 0x00000000f5580000, 0x00000000f5580000)
  object space 349696K, 99% used [0x00000000e0000000,0x00000000f557fc78,0x00000000f5580000)
 Metaspace       used 58468K, committed 59584K, reserved 1105920K
  class space    used 5843K, committed 6272K, reserved 1048576K
}

